build/app/intermediates/manifest_merge_blame_file/debug/manifest-merger-blame-debug-report.txt
1<?xml version="1.0" encoding="utf-8"?>
2<manifest xmlns:android="http://schemas.android.com/apk/res/android"
3    package="com.example.web3chanel_flutter_app"
4    android:versionCode="1"
5    android:versionName="1.0.0" >
6
7    <uses-sdk
8        android:minSdkVersion="16"
9        android:targetSdkVersion="31" />
10    <!--
11         The INTERNET permission is required for development. Specifically,
12         the Flutter tool needs it to communicate with the running application
13         to allow setting breakpoints, to provide hot reload, etc.
14    -->
15    <uses-permission android:name="android.permission.INTERNET" />
15-->src/debug/AndroidManifest.xml:7:5-66
15-->src/debug/AndroidManifest.xml:7:22-64
16    <uses-permission
16-->[:open_filex] AndroidManifest.xml:10:5-12:38
17        android:name="android.permission.READ_EXTERNAL_STORAGE"
17-->[:open_filex] AndroidManifest.xml:11:9-64
18        android:maxSdkVersion="32" />
18-->[:open_filex] AndroidManifest.xml:12:9-35
19    <uses-permission android:name="android.permission.READ_MEDIA_IMAGES" />
19-->[:open_filex] AndroidManifest.xml:13:5-76
19-->[:open_filex] AndroidManifest.xml:13:22-73
20    <uses-permission android:name="android.permission.READ_MEDIA_VIDEO" />
20-->[:open_filex] AndroidManifest.xml:14:5-75
20-->[:open_filex] AndroidManifest.xml:14:22-72
21    <uses-permission android:name="android.permission.READ_MEDIA_AUDIO" />
21-->[:open_filex] AndroidManifest.xml:15:5-75
21-->[:open_filex] AndroidManifest.xml:15:22-72
22
23    <queries>
23-->[:file_picker] AndroidManifest.xml:11:5-17:15
24        <intent>
24-->[:file_picker] AndroidManifest.xml:12:9-16:18
25            <action android:name="android.intent.action.GET_CONTENT" />
25-->[:file_picker] AndroidManifest.xml:13:13-72
25-->[:file_picker] AndroidManifest.xml:13:21-69
26
27            <data android:mimeType="*/*" />
27-->[:file_picker] AndroidManifest.xml:15:13-44
27-->[:file_picker] AndroidManifest.xml:15:19-41
28        </intent>
29    </queries>
30
31    <uses-permission android:name="android.permission.VIBRATE" />
31-->[:vibration] AndroidManifest.xml:9:5-66
31-->[:vibration] AndroidManifest.xml:9:22-63
32
33    <application
34        android:name="android.app.Application"
35        android:appComponentFactory="androidx.core.app.CoreComponentFactory"
35-->[androidx.core:core:1.8.0] AndroidManifest.xml:24:18-86
36        android:debuggable="true"
37        android:icon="@mipmap/ic_launcher"
38        android:label="web3chanel_flutter_app" >
39        <activity
40            android:name="com.example.web3chanel_flutter_app.MainActivity"
41            android:configChanges="orientation|keyboardHidden|keyboard|screenSize|smallestScreenSize|locale|layoutDirection|fontScale|screenLayout|density|uiMode"
42            android:exported="true"
43            android:hardwareAccelerated="true"
44            android:launchMode="singleTop"
45            android:theme="@style/LaunchTheme"
46            android:windowSoftInputMode="adjustResize" >
47
48            <!--
49                 Specifies an Android theme to apply to this Activity as soon as
50                 the Android process has started. This theme is visible to the user
51                 while the Flutter UI initializes. After that, this theme continues
52                 to determine the Window background behind the Flutter UI.
53            -->
54            <meta-data
55                android:name="io.flutter.embedding.android.NormalTheme"
56                android:resource="@style/NormalTheme" />
57
58            <intent-filter>
59                <action android:name="android.intent.action.MAIN" />
60
61                <category android:name="android.intent.category.LAUNCHER" />
62            </intent-filter>
63        </activity>
64        <!--
65             Don't delete the meta-data below.
66             This is used by the Flutter tool to generate GeneratedPluginRegistrant.java
67        -->
68        <meta-data
69            android:name="flutterEmbedding"
70            android:value="2" />
71
72        <provider
72-->[:open_filex] AndroidManifest.xml:18:9-27:20
73            android:name="com.crazecoder.openfile.FileProvider"
73-->[:open_filex] AndroidManifest.xml:19:13-64
74            android:authorities="com.example.web3chanel_flutter_app.fileProvider.com.crazecoder.openfile"
74-->[:open_filex] AndroidManifest.xml:20:13-88
75            android:exported="false"
75-->[:open_filex] AndroidManifest.xml:21:13-37
76            android:grantUriPermissions="true" >
76-->[:open_filex] AndroidManifest.xml:22:13-47
77            <meta-data
77-->[:open_filex] AndroidManifest.xml:24:13-26:53
78                android:name="android.support.FILE_PROVIDER_PATHS"
78-->[:open_filex] AndroidManifest.xml:25:17-67
79                android:resource="@xml/filepaths" />
79-->[:open_filex] AndroidManifest.xml:26:17-50
80        </provider>
81        <provider
81-->[:image_picker_android] AndroidManifest.xml:10:9-18:20
82            android:name="io.flutter.plugins.imagepicker.ImagePickerFileProvider"
82-->[:image_picker_android] AndroidManifest.xml:11:13-82
83            android:authorities="com.example.web3chanel_flutter_app.flutter.image_provider"
83-->[:image_picker_android] AndroidManifest.xml:12:13-74
84            android:exported="false"
84-->[:image_picker_android] AndroidManifest.xml:13:13-37
85            android:grantUriPermissions="true" >
85-->[:image_picker_android] AndroidManifest.xml:14:13-47
86            <meta-data
86-->[:open_filex] AndroidManifest.xml:24:13-26:53
87                android:name="android.support.FILE_PROVIDER_PATHS"
87-->[:open_filex] AndroidManifest.xml:25:17-67
88                android:resource="@xml/flutter_image_picker_file_paths" />
88-->[:open_filex] AndroidManifest.xml:26:17-50
89        </provider>
90
91        <activity
91-->[:url_launcher_android] AndroidManifest.xml:10:9-13:74
92            android:name="io.flutter.plugins.urllauncher.WebViewActivity"
92-->[:url_launcher_android] AndroidManifest.xml:11:13-74
93            android:exported="false"
93-->[:url_launcher_android] AndroidManifest.xml:12:13-37
94            android:theme="@android:style/Theme.NoTitleBar.Fullscreen" />
94-->[:url_launcher_android] AndroidManifest.xml:13:13-71
95
96        <uses-library
96-->[androidx.window:window:1.0.0-beta04] AndroidManifest.xml:25:9-27:40
97            android:name="androidx.window.extensions"
97-->[androidx.window:window:1.0.0-beta04] AndroidManifest.xml:26:13-54
98            android:required="false" />
98-->[androidx.window:window:1.0.0-beta04] AndroidManifest.xml:27:13-37
99        <uses-library
99-->[androidx.window:window:1.0.0-beta04] AndroidManifest.xml:28:9-30:40
100            android:name="androidx.window.sidecar"
100-->[androidx.window:window:1.0.0-beta04] AndroidManifest.xml:29:13-51
101            android:required="false" />
101-->[androidx.window:window:1.0.0-beta04] AndroidManifest.xml:30:13-37
102    </application>
103
104</manifest>